<?xml version="1.0" encoding="UTF-8"?>
<testsuite xmlns:xsi="http://www.w3.org/2001/XMLSchema-instance" xsi:noNamespaceSchemaLocation="https://maven.apache.org/surefire/maven-surefire-plugin/xsd/surefire-test-report.xsd" name="net.torrydev.apigateway.ReviewApiGatewayApplicationTests" time="23.546" tests="1" errors="0" skipped="0" failures="0">
  <properties>
    <property name="sun.desktop" value="windows"/>
    <property name="awt.toolkit" value="sun.awt.windows.WToolkit"/>
    <property name="java.specification.version" value="11"/>
    <property name="sun.cpu.isalist" value="amd64"/>
    <property name="sun.jnu.encoding" value="Cp1252"/>
    <property name="java.class.path" value="C:\Users\torry\Documents\Projects\JavaProjects\MicroServicesApiGateway\ReviewAppDemo\api-gateway\target\test-classes;C:\Users\torry\Documents\Projects\JavaProjects\MicroServicesApiGateway\ReviewAppDemo\api-gateway\target\classes;C:\Users\torry\.m2\repository\org\springframework\boot\spring-boot-starter-webflux\2.6.7\spring-boot-starter-webflux-2.6.7.jar;C:\Users\torry\.m2\repository\org\springframework\boot\spring-boot-starter\2.6.7\spring-boot-starter-2.6.7.jar;C:\Users\torry\.m2\repository\org\springframework\boot\spring-boot-starter-logging\2.6.7\spring-boot-starter-logging-2.6.7.jar;C:\Users\torry\.m2\repository\ch\qos\logback\logback-classic\1.2.11\logback-classic-1.2.11.jar;C:\Users\torry\.m2\repository\ch\qos\logback\logback-core\1.2.11\logback-core-1.2.11.jar;C:\Users\torry\.m2\repository\org\apache\logging\log4j\log4j-to-slf4j\2.17.2\log4j-to-slf4j-2.17.2.jar;C:\Users\torry\.m2\repository\org\apache\logging\log4j\log4j-api\2.17.2\log4j-api-2.17.2.jar;C:\Users\torry\.m2\repository\org\slf4j\jul-to-slf4j\1.7.36\jul-to-slf4j-1.7.36.jar;C:\Users\torry\.m2\repository\jakarta\annotation\jakarta.annotation-api\1.3.5\jakarta.annotation-api-1.3.5.jar;C:\Users\torry\.m2\repository\org\yaml\snakeyaml\1.29\snakeyaml-1.29.jar;C:\Users\torry\.m2\repository\org\springframework\boot\spring-boot-starter-json\2.6.7\spring-boot-starter-json-2.6.7.jar;C:\Users\torry\.m2\repository\com\fasterxml\jackson\core\jackson-databind\2.13.2.1\jackson-databind-2.13.2.1.jar;C:\Users\torry\.m2\repository\com\fasterxml\jackson\datatype\jackson-datatype-jdk8\2.13.2\jackson-datatype-jdk8-2.13.2.jar;C:\Users\torry\.m2\repository\com\fasterxml\jackson\datatype\jackson-datatype-jsr310\2.13.2\jackson-datatype-jsr310-2.13.2.jar;C:\Users\torry\.m2\repository\com\fasterxml\jackson\module\jackson-module-parameter-names\2.13.2\jackson-module-parameter-names-2.13.2.jar;C:\Users\torry\.m2\repository\org\springframework\boot\spring-boot-starter-reactor-netty\2.6.7\spring-boot-starter-reactor-netty-2.6.7.jar;C:\Users\torry\.m2\repository\io\projectreactor\netty\reactor-netty-http\1.0.18\reactor-netty-http-1.0.18.jar;C:\Users\torry\.m2\repository\io\netty\netty-codec-http\4.1.76.Final\netty-codec-http-4.1.76.Final.jar;C:\Users\torry\.m2\repository\io\netty\netty-common\4.1.76.Final\netty-common-4.1.76.Final.jar;C:\Users\torry\.m2\repository\io\netty\netty-buffer\4.1.76.Final\netty-buffer-4.1.76.Final.jar;C:\Users\torry\.m2\repository\io\netty\netty-transport\4.1.76.Final\netty-transport-4.1.76.Final.jar;C:\Users\torry\.m2\repository\io\netty\netty-codec\4.1.76.Final\netty-codec-4.1.76.Final.jar;C:\Users\torry\.m2\repository\io\netty\netty-handler\4.1.76.Final\netty-handler-4.1.76.Final.jar;C:\Users\torry\.m2\repository\io\netty\netty-codec-http2\4.1.76.Final\netty-codec-http2-4.1.76.Final.jar;C:\Users\torry\.m2\repository\io\netty\netty-resolver-dns\4.1.76.Final\netty-resolver-dns-4.1.76.Final.jar;C:\Users\torry\.m2\repository\io\netty\netty-resolver\4.1.76.Final\netty-resolver-4.1.76.Final.jar;C:\Users\torry\.m2\repository\io\netty\netty-codec-dns\4.1.76.Final\netty-codec-dns-4.1.76.Final.jar;C:\Users\torry\.m2\repository\io\netty\netty-resolver-dns-native-macos\4.1.76.Final\netty-resolver-dns-native-macos-4.1.76.Final-osx-x86_64.jar;C:\Users\torry\.m2\repository\io\netty\netty-resolver-dns-classes-macos\4.1.76.Final\netty-resolver-dns-classes-macos-4.1.76.Final.jar;C:\Users\torry\.m2\repository\io\netty\netty-transport-native-epoll\4.1.76.Final\netty-transport-native-epoll-4.1.76.Final-linux-x86_64.jar;C:\Users\torry\.m2\repository\io\netty\netty-transport-native-unix-common\4.1.76.Final\netty-transport-native-unix-common-4.1.76.Final.jar;C:\Users\torry\.m2\repository\io\netty\netty-transport-classes-epoll\4.1.76.Final\netty-transport-classes-epoll-4.1.76.Final.jar;C:\Users\torry\.m2\repository\io\projectreactor\netty\reactor-netty-core\1.0.18\reactor-netty-core-1.0.18.jar;C:\Users\torry\.m2\repository\io\netty\netty-handler-proxy\4.1.76.Final\netty-handler-proxy-4.1.76.Final.jar;C:\Users\torry\.m2\repository\io\netty\netty-codec-socks\4.1.76.Final\netty-codec-socks-4.1.76.Final.jar;C:\Users\torry\.m2\repository\org\springframework\spring-web\5.3.19\spring-web-5.3.19.jar;C:\Users\torry\.m2\repository\org\springframework\spring-beans\5.3.19\spring-beans-5.3.19.jar;C:\Users\torry\.m2\repository\org\springframework\spring-webflux\5.3.19\spring-webflux-5.3.19.jar;C:\Users\torry\.m2\repository\org\springframework\cloud\spring-cloud-starter-gateway\3.1.2\spring-cloud-starter-gateway-3.1.2.jar;C:\Users\torry\.m2\repository\org\springframework\cloud\spring-cloud-starter\3.1.2\spring-cloud-starter-3.1.2.jar;C:\Users\torry\.m2\repository\org\springframework\cloud\spring-cloud-context\3.1.2\spring-cloud-context-3.1.2.jar;C:\Users\torry\.m2\repository\org\springframework\security\spring-security-rsa\1.0.10.RELEASE\spring-security-rsa-1.0.10.RELEASE.jar;C:\Users\torry\.m2\repository\org\bouncycastle\bcpkix-jdk15on\1.68\bcpkix-jdk15on-1.68.jar;C:\Users\torry\.m2\repository\org\bouncycastle\bcprov-jdk15on\1.68\bcprov-jdk15on-1.68.jar;C:\Users\torry\.m2\repository\org\springframework\cloud\spring-cloud-gateway-server\3.1.2\spring-cloud-gateway-server-3.1.2.jar;C:\Users\torry\.m2\repository\org\springframework\boot\spring-boot-starter-validation\2.6.7\spring-boot-starter-validation-2.6.7.jar;C:\Users\torry\.m2\repository\org\apache\tomcat\embed\tomcat-embed-el\9.0.62\tomcat-embed-el-9.0.62.jar;C:\Users\torry\.m2\repository\org\hibernate\validator\hibernate-validator\6.2.3.Final\hibernate-validator-6.2.3.Final.jar;C:\Users\torry\.m2\repository\jakarta\validation\jakarta.validation-api\2.0.2\jakarta.validation-api-2.0.2.jar;C:\Users\torry\.m2\repository\org\jboss\logging\jboss-logging\3.4.3.Final\jboss-logging-3.4.3.Final.jar;C:\Users\torry\.m2\repository\com\fasterxml\classmate\1.5.1\classmate-1.5.1.jar;C:\Users\torry\.m2\repository\io\projectreactor\addons\reactor-extra\3.4.8\reactor-extra-3.4.8.jar;C:\Users\torry\.m2\repository\org\springframework\cloud\spring-cloud-starter-netflix-eureka-client\3.1.2\spring-cloud-starter-netflix-eureka-client-3.1.2.jar;C:\Users\torry\.m2\repository\org\springframework\cloud\spring-cloud-netflix-eureka-client\3.1.2\spring-cloud-netflix-eureka-client-3.1.2.jar;C:\Users\torry\.m2\repository\com\netflix\eureka\eureka-client\1.10.17\eureka-client-1.10.17.jar;C:\Users\torry\.m2\repository\com\netflix\netflix-commons\netflix-eventbus\0.3.0\netflix-eventbus-0.3.0.jar;C:\Users\torry\.m2\repository\com\netflix\netflix-commons\netflix-infix\0.3.0\netflix-infix-0.3.0.jar;C:\Users\torry\.m2\repository\commons-jxpath\commons-jxpath\1.3\commons-jxpath-1.3.jar;C:\Users\torry\.m2\repository\joda-time\joda-time\2.3\joda-time-2.3.jar;C:\Users\torry\.m2\repository\org\antlr\antlr-runtime\3.4\antlr-runtime-3.4.jar;C:\Users\torry\.m2\repository\org\antlr\stringtemplate\3.2.1\stringtemplate-3.2.1.jar;C:\Users\torry\.m2\repository\antlr\antlr\2.7.7\antlr-2.7.7.jar;C:\Users\torry\.m2\repository\com\google\code\gson\gson\2.8.9\gson-2.8.9.jar;C:\Users\torry\.m2\repository\org\apache\commons\commons-math\2.2\commons-math-2.2.jar;C:\Users\torry\.m2\repository\com\thoughtworks\xstream\xstream\1.4.18\xstream-1.4.18.jar;C:\Users\torry\.m2\repository\io\github\x-stream\mxparser\1.2.2\mxparser-1.2.2.jar;C:\Users\torry\.m2\repository\xmlpull\xmlpull\1.1.3.1\xmlpull-1.1.3.1.jar;C:\Users\torry\.m2\repository\javax\ws\rs\jsr311-api\1.1.1\jsr311-api-1.1.1.jar;C:\Users\torry\.m2\repository\com\netflix\servo\servo-core\0.12.21\servo-core-0.12.21.jar;C:\Users\torry\.m2\repository\com\google\guava\guava\19.0\guava-19.0.jar;C:\Users\torry\.m2\repository\org\apache\httpcomponents\httpclient\4.5.13\httpclient-4.5.13.jar;C:\Users\torry\.m2\repository\org\apache\httpcomponents\httpcore\4.4.15\httpcore-4.4.15.jar;C:\Users\torry\.m2\repository\commons-codec\commons-codec\1.15\commons-codec-1.15.jar;C:\Users\torry\.m2\repository\commons-configuration\commons-configuration\1.10\commons-configuration-1.10.jar;C:\Users\torry\.m2\repository\commons-lang\commons-lang\2.6\commons-lang-2.6.jar;C:\Users\torry\.m2\repository\com\google\inject\guice\4.1.0\guice-4.1.0.jar;C:\Users\torry\.m2\repository\javax\inject\javax.inject\1\javax.inject-1.jar;C:\Users\torry\.m2\repository\com\fasterxml\jackson\core\jackson-annotations\2.13.2\jackson-annotations-2.13.2.jar;C:\Users\torry\.m2\repository\com\fasterxml\jackson\core\jackson-core\2.13.2\jackson-core-2.13.2.jar;C:\Users\torry\.m2\repository\org\codehaus\jettison\jettison\1.4.0\jettison-1.4.0.jar;C:\Users\torry\.m2\repository\com\netflix\eureka\eureka-core\1.10.17\eureka-core-1.10.17.jar;C:\Users\torry\.m2\repository\com\fasterxml\woodstox\woodstox-core\6.2.1\woodstox-core-6.2.1.jar;C:\Users\torry\.m2\repository\org\codehaus\woodstox\stax2-api\4.2.1\stax2-api-4.2.1.jar;C:\Users\torry\.m2\repository\org\springframework\cloud\spring-cloud-starter-loadbalancer\3.1.2\spring-cloud-starter-loadbalancer-3.1.2.jar;C:\Users\torry\.m2\repository\org\springframework\cloud\spring-cloud-loadbalancer\3.1.2\spring-cloud-loadbalancer-3.1.2.jar;C:\Users\torry\.m2\repository\org\springframework\boot\spring-boot-starter-cache\2.6.7\spring-boot-starter-cache-2.6.7.jar;C:\Users\torry\.m2\repository\org\springframework\spring-context-support\5.3.19\spring-context-support-5.3.19.jar;C:\Users\torry\.m2\repository\com\stoyanr\evictor\1.0.0\evictor-1.0.0.jar;C:\Users\torry\.m2\repository\org\springframework\boot\spring-boot-devtools\2.6.7\spring-boot-devtools-2.6.7.jar;C:\Users\torry\.m2\repository\org\springframework\boot\spring-boot\2.6.7\spring-boot-2.6.7.jar;C:\Users\torry\.m2\repository\org\springframework\boot\spring-boot-autoconfigure\2.6.7\spring-boot-autoconfigure-2.6.7.jar;C:\Users\torry\.m2\repository\org\projectlombok\lombok\1.18.24\lombok-1.18.24.jar;C:\Users\torry\.m2\repository\org\springframework\boot\spring-boot-starter-test\2.6.7\spring-boot-starter-test-2.6.7.jar;C:\Users\torry\.m2\repository\org\springframework\boot\spring-boot-test\2.6.7\spring-boot-test-2.6.7.jar;C:\Users\torry\.m2\repository\org\springframework\boot\spring-boot-test-autoconfigure\2.6.7\spring-boot-test-autoconfigure-2.6.7.jar;C:\Users\torry\.m2\repository\com\jayway\jsonpath\json-path\2.6.0\json-path-2.6.0.jar;C:\Users\torry\.m2\repository\net\minidev\json-smart\2.4.8\json-smart-2.4.8.jar;C:\Users\torry\.m2\repository\net\minidev\accessors-smart\2.4.8\accessors-smart-2.4.8.jar;C:\Users\torry\.m2\repository\org\ow2\asm\asm\9.1\asm-9.1.jar;C:\Users\torry\.m2\repository\jakarta\xml\bind\jakarta.xml.bind-api\2.3.3\jakarta.xml.bind-api-2.3.3.jar;C:\Users\torry\.m2\repository\jakarta\activation\jakarta.activation-api\1.2.2\jakarta.activation-api-1.2.2.jar;C:\Users\torry\.m2\repository\org\assertj\assertj-core\3.21.0\assertj-core-3.21.0.jar;C:\Users\torry\.m2\repository\org\hamcrest\hamcrest\2.2\hamcrest-2.2.jar;C:\Users\torry\.m2\repository\org\junit\jupiter\junit-jupiter\5.8.2\junit-jupiter-5.8.2.jar;C:\Users\torry\.m2\repository\org\junit\jupiter\junit-jupiter-api\5.8.2\junit-jupiter-api-5.8.2.jar;C:\Users\torry\.m2\repository\org\opentest4j\opentest4j\1.2.0\opentest4j-1.2.0.jar;C:\Users\torry\.m2\repository\org\junit\platform\junit-platform-commons\1.8.2\junit-platform-commons-1.8.2.jar;C:\Users\torry\.m2\repository\org\apiguardian\apiguardian-api\1.1.2\apiguardian-api-1.1.2.jar;C:\Users\torry\.m2\repository\org\junit\jupiter\junit-jupiter-params\5.8.2\junit-jupiter-params-5.8.2.jar;C:\Users\torry\.m2\repository\org\junit\jupiter\junit-jupiter-engine\5.8.2\junit-jupiter-engine-5.8.2.jar;C:\Users\torry\.m2\repository\org\junit\platform\junit-platform-engine\1.8.2\junit-platform-engine-1.8.2.jar;C:\Users\torry\.m2\repository\org\mockito\mockito-core\4.0.0\mockito-core-4.0.0.jar;C:\Users\torry\.m2\repository\net\bytebuddy\byte-buddy\1.11.22\byte-buddy-1.11.22.jar;C:\Users\torry\.m2\repository\net\bytebuddy\byte-buddy-agent\1.11.22\byte-buddy-agent-1.11.22.jar;C:\Users\torry\.m2\repository\org\objenesis\objenesis\3.2\objenesis-3.2.jar;C:\Users\torry\.m2\repository\org\mockito\mockito-junit-jupiter\4.0.0\mockito-junit-jupiter-4.0.0.jar;C:\Users\torry\.m2\repository\org\skyscreamer\jsonassert\1.5.0\jsonassert-1.5.0.jar;C:\Users\torry\.m2\repository\com\vaadin\external\google\android-json\0.0.20131108.vaadin1\android-json-0.0.20131108.vaadin1.jar;C:\Users\torry\.m2\repository\org\springframework\spring-core\5.3.19\spring-core-5.3.19.jar;C:\Users\torry\.m2\repository\org\springframework\spring-jcl\5.3.19\spring-jcl-5.3.19.jar;C:\Users\torry\.m2\repository\org\springframework\spring-test\5.3.19\spring-test-5.3.19.jar;C:\Users\torry\.m2\repository\org\xmlunit\xmlunit-core\2.8.4\xmlunit-core-2.8.4.jar;C:\Users\torry\.m2\repository\io\projectreactor\reactor-test\3.4.17\reactor-test-3.4.17.jar;C:\Users\torry\.m2\repository\io\projectreactor\reactor-core\3.4.17\reactor-core-3.4.17.jar;C:\Users\torry\.m2\repository\org\reactivestreams\reactive-streams\1.0.3\reactive-streams-1.0.3.jar;C:\Users\torry\.m2\repository\org\springdoc\springdoc-openapi-ui\1.6.8\springdoc-openapi-ui-1.6.8.jar;C:\Users\torry\.m2\repository\org\springdoc\springdoc-openapi-webmvc-core\1.6.8\springdoc-openapi-webmvc-core-1.6.8.jar;C:\Users\torry\.m2\repository\org\springdoc\springdoc-openapi-common\1.6.8\springdoc-openapi-common-1.6.8.jar;C:\Users\torry\.m2\repository\io\swagger\core\v3\swagger-core\2.2.0\swagger-core-2.2.0.jar;C:\Users\torry\.m2\repository\org\apache\commons\commons-lang3\3.12.0\commons-lang3-3.12.0.jar;C:\Users\torry\.m2\repository\com\fasterxml\jackson\dataformat\jackson-dataformat-yaml\2.13.2\jackson-dataformat-yaml-2.13.2.jar;C:\Users\torry\.m2\repository\io\swagger\core\v3\swagger-annotations\2.2.0\swagger-annotations-2.2.0.jar;C:\Users\torry\.m2\repository\io\swagger\core\v3\swagger-models\2.2.0\swagger-models-2.2.0.jar;C:\Users\torry\.m2\repository\org\springframework\spring-webmvc\5.3.19\spring-webmvc-5.3.19.jar;C:\Users\torry\.m2\repository\org\webjars\swagger-ui\4.10.3\swagger-ui-4.10.3.jar;C:\Users\torry\.m2\repository\org\webjars\webjars-locator-core\0.48\webjars-locator-core-0.48.jar;C:\Users\torry\.m2\repository\io\github\classgraph\classgraph\4.8.143\classgraph-4.8.143.jar;C:\Users\torry\.m2\repository\org\springframework\boot\spring-boot-starter-aop\2.6.7\spring-boot-starter-aop-2.6.7.jar;C:\Users\torry\.m2\repository\org\springframework\spring-aop\5.3.19\spring-aop-5.3.19.jar;C:\Users\torry\.m2\repository\org\aspectj\aspectjweaver\1.9.7\aspectjweaver-1.9.7.jar;C:\Users\torry\.m2\repository\io\github\resilience4j\resilience4j-spring-boot2\1.7.0\resilience4j-spring-boot2-1.7.0.jar;C:\Users\torry\.m2\repository\io\vavr\vavr\0.10.2\vavr-0.10.2.jar;C:\Users\torry\.m2\repository\io\vavr\vavr-match\0.10.2\vavr-match-0.10.2.jar;C:\Users\torry\.m2\repository\org\slf4j\slf4j-api\1.7.36\slf4j-api-1.7.36.jar;C:\Users\torry\.m2\repository\io\github\resilience4j\resilience4j-spring\1.7.0\resilience4j-spring-1.7.0.jar;C:\Users\torry\.m2\repository\io\github\resilience4j\resilience4j-annotations\1.7.0\resilience4j-annotations-1.7.0.jar;C:\Users\torry\.m2\repository\io\github\resilience4j\resilience4j-consumer\1.7.0\resilience4j-consumer-1.7.0.jar;C:\Users\torry\.m2\repository\io\github\resilience4j\resilience4j-core\1.7.0\resilience4j-core-1.7.0.jar;C:\Users\torry\.m2\repository\io\github\resilience4j\resilience4j-circularbuffer\1.7.0\resilience4j-circularbuffer-1.7.0.jar;C:\Users\torry\.m2\repository\io\github\resilience4j\resilience4j-framework-common\1.7.0\resilience4j-framework-common-1.7.0.jar;C:\Users\torry\.m2\repository\io\github\resilience4j\resilience4j-circuitbreaker\1.7.0\resilience4j-circuitbreaker-1.7.0.jar;C:\Users\torry\.m2\repository\io\github\resilience4j\resilience4j-ratelimiter\1.7.0\resilience4j-ratelimiter-1.7.0.jar;C:\Users\torry\.m2\repository\io\github\resilience4j\resilience4j-retry\1.7.0\resilience4j-retry-1.7.0.jar;C:\Users\torry\.m2\repository\io\github\resilience4j\resilience4j-bulkhead\1.7.0\resilience4j-bulkhead-1.7.0.jar;C:\Users\torry\.m2\repository\io\github\resilience4j\resilience4j-timelimiter\1.7.0\resilience4j-timelimiter-1.7.0.jar;C:\Users\torry\.m2\repository\io\github\resilience4j\resilience4j-micrometer\1.7.0\resilience4j-micrometer-1.7.0.jar;C:\Users\torry\.m2\repository\org\springframework\cloud\spring-cloud-starter-sleuth\3.1.2\spring-cloud-starter-sleuth-3.1.2.jar;C:\Users\torry\.m2\repository\org\springframework\cloud\spring-cloud-sleuth-autoconfigure\3.1.2\spring-cloud-sleuth-autoconfigure-3.1.2.jar;C:\Users\torry\.m2\repository\org\aspectj\aspectjrt\1.9.7\aspectjrt-1.9.7.jar;C:\Users\torry\.m2\repository\org\springframework\cloud\spring-cloud-sleuth-brave\3.1.2\spring-cloud-sleuth-brave-3.1.2.jar;C:\Users\torry\.m2\repository\io\zipkin\brave\brave\5.13.7\brave-5.13.7.jar;C:\Users\torry\.m2\repository\io\zipkin\brave\brave-context-slf4j\5.13.7\brave-context-slf4j-5.13.7.jar;C:\Users\torry\.m2\repository\io\zipkin\brave\brave-instrumentation-messaging\5.13.7\brave-instrumentation-messaging-5.13.7.jar;C:\Users\torry\.m2\repository\io\zipkin\brave\brave-instrumentation-rpc\5.13.7\brave-instrumentation-rpc-5.13.7.jar;C:\Users\torry\.m2\repository\io\zipkin\brave\brave-instrumentation-spring-rabbit\5.13.7\brave-instrumentation-spring-rabbit-5.13.7.jar;C:\Users\torry\.m2\repository\io\zipkin\brave\brave-instrumentation-kafka-clients\5.13.7\brave-instrumentation-kafka-clients-5.13.7.jar;C:\Users\torry\.m2\repository\io\zipkin\brave\brave-instrumentation-kafka-streams\5.13.7\brave-instrumentation-kafka-streams-5.13.7.jar;C:\Users\torry\.m2\repository\io\zipkin\brave\brave-instrumentation-httpclient\5.13.7\brave-instrumentation-httpclient-5.13.7.jar;C:\Users\torry\.m2\repository\io\zipkin\brave\brave-instrumentation-http\5.13.7\brave-instrumentation-http-5.13.7.jar;C:\Users\torry\.m2\repository\io\zipkin\brave\brave-instrumentation-httpasyncclient\5.13.7\brave-instrumentation-httpasyncclient-5.13.7.jar;C:\Users\torry\.m2\repository\io\zipkin\brave\brave-instrumentation-jms\5.13.7\brave-instrumentation-jms-5.13.7.jar;C:\Users\torry\.m2\repository\io\zipkin\brave\brave-instrumentation-mongodb\5.13.7\brave-instrumentation-mongodb-5.13.7.jar;C:\Users\torry\.m2\repository\io\zipkin\aws\brave-propagation-aws\0.21.3\brave-propagation-aws-0.21.3.jar;C:\Users\torry\.m2\repository\io\zipkin\reporter2\zipkin-reporter-metrics-micrometer\2.16.3\zipkin-reporter-metrics-micrometer-2.16.3.jar;C:\Users\torry\.m2\repository\org\springframework\cloud\spring-cloud-sleuth-zipkin\3.1.2\spring-cloud-sleuth-zipkin-3.1.2.jar;C:\Users\torry\.m2\repository\org\springframework\cloud\spring-cloud-sleuth-instrumentation\3.1.2\spring-cloud-sleuth-instrumentation-3.1.2.jar;C:\Users\torry\.m2\repository\org\springframework\cloud\spring-cloud-sleuth-api\3.1.2\spring-cloud-sleuth-api-3.1.2.jar;C:\Users\torry\.m2\repository\org\springframework\cloud\spring-cloud-commons\3.1.2\spring-cloud-commons-3.1.2.jar;C:\Users\torry\.m2\repository\org\springframework\security\spring-security-crypto\5.6.3\spring-security-crypto-5.6.3.jar;C:\Users\torry\.m2\repository\io\zipkin\zipkin2\zipkin\2.23.2\zipkin-2.23.2.jar;C:\Users\torry\.m2\repository\io\zipkin\reporter2\zipkin-reporter\2.16.3\zipkin-reporter-2.16.3.jar;C:\Users\torry\.m2\repository\io\zipkin\reporter2\zipkin-reporter-brave\2.16.3\zipkin-reporter-brave-2.16.3.jar;C:\Users\torry\.m2\repository\io\zipkin\reporter2\zipkin-sender-kafka\2.16.3\zipkin-sender-kafka-2.16.3.jar;C:\Users\torry\.m2\repository\io\zipkin\reporter2\zipkin-sender-activemq-client\2.16.3\zipkin-sender-activemq-client-2.16.3.jar;C:\Users\torry\.m2\repository\io\zipkin\reporter2\zipkin-sender-amqp-client\2.16.3\zipkin-sender-amqp-client-2.16.3.jar;C:\Users\torry\.m2\repository\org\springframework\amqp\spring-rabbit\2.4.4\spring-rabbit-2.4.4.jar;C:\Users\torry\.m2\repository\org\springframework\amqp\spring-amqp\2.4.4\spring-amqp-2.4.4.jar;C:\Users\torry\.m2\repository\org\springframework\retry\spring-retry\1.3.3\spring-retry-1.3.3.jar;C:\Users\torry\.m2\repository\com\rabbitmq\amqp-client\5.13.1\amqp-client-5.13.1.jar;C:\Users\torry\.m2\repository\org\springframework\spring-context\5.3.19\spring-context-5.3.19.jar;C:\Users\torry\.m2\repository\org\springframework\spring-expression\5.3.19\spring-expression-5.3.19.jar;C:\Users\torry\.m2\repository\org\springframework\spring-messaging\5.3.19\spring-messaging-5.3.19.jar;C:\Users\torry\.m2\repository\org\springframework\spring-tx\5.3.19\spring-tx-5.3.19.jar;"/>
    <property name="java.vm.vendor" value="Oracle Corporation"/>
    <property name="sun.arch.data.model" value="64"/>
    <property name="user.variant" value=""/>
    <property name="java.vendor.url" value="https://openjdk.java.net/"/>
    <property name="user.timezone" value="Europe/London"/>
    <property name="java.vm.specification.version" value="11"/>
    <property name="os.name" value="Windows 10"/>
    <property name="sun.java.launcher" value="SUN_STANDARD"/>
    <property name="user.country" value="GB"/>
    <property name="sun.boot.library.path" value="C:\Program Files\Java\jdk-11.0.13\bin"/>
    <property name="sun.java.command" value="C:\Users\torry\AppData\Local\Temp\surefire4360716391058629489\surefirebooter2390368707370804246.jar C:\Users\torry\AppData\Local\Temp\surefire4360716391058629489 2022-08-10T13-07-16_425-jvmRun1 surefire1448459109905566570tmp surefire_04817226263358288721tmp"/>
    <property name="jdk.debug" value="release"/>
    <property name="surefire.test.class.path" value="C:\Users\torry\Documents\Projects\JavaProjects\MicroServicesApiGateway\ReviewAppDemo\api-gateway\target\test-classes;C:\Users\torry\Documents\Projects\JavaProjects\MicroServicesApiGateway\ReviewAppDemo\api-gateway\target\classes;C:\Users\torry\.m2\repository\org\springframework\boot\spring-boot-starter-webflux\2.6.7\spring-boot-starter-webflux-2.6.7.jar;C:\Users\torry\.m2\repository\org\springframework\boot\spring-boot-starter\2.6.7\spring-boot-starter-2.6.7.jar;C:\Users\torry\.m2\repository\org\springframework\boot\spring-boot-starter-logging\2.6.7\spring-boot-starter-logging-2.6.7.jar;C:\Users\torry\.m2\repository\ch\qos\logback\logback-classic\1.2.11\logback-classic-1.2.11.jar;C:\Users\torry\.m2\repository\ch\qos\logback\logback-core\1.2.11\logback-core-1.2.11.jar;C:\Users\torry\.m2\repository\org\apache\logging\log4j\log4j-to-slf4j\2.17.2\log4j-to-slf4j-2.17.2.jar;C:\Users\torry\.m2\repository\org\apache\logging\log4j\log4j-api\2.17.2\log4j-api-2.17.2.jar;C:\Users\torry\.m2\repository\org\slf4j\jul-to-slf4j\1.7.36\jul-to-slf4j-1.7.36.jar;C:\Users\torry\.m2\repository\jakarta\annotation\jakarta.annotation-api\1.3.5\jakarta.annotation-api-1.3.5.jar;C:\Users\torry\.m2\repository\org\yaml\snakeyaml\1.29\snakeyaml-1.29.jar;C:\Users\torry\.m2\repository\org\springframework\boot\spring-boot-starter-json\2.6.7\spring-boot-starter-json-2.6.7.jar;C:\Users\torry\.m2\repository\com\fasterxml\jackson\core\jackson-databind\2.13.2.1\jackson-databind-2.13.2.1.jar;C:\Users\torry\.m2\repository\com\fasterxml\jackson\datatype\jackson-datatype-jdk8\2.13.2\jackson-datatype-jdk8-2.13.2.jar;C:\Users\torry\.m2\repository\com\fasterxml\jackson\datatype\jackson-datatype-jsr310\2.13.2\jackson-datatype-jsr310-2.13.2.jar;C:\Users\torry\.m2\repository\com\fasterxml\jackson\module\jackson-module-parameter-names\2.13.2\jackson-module-parameter-names-2.13.2.jar;C:\Users\torry\.m2\repository\org\springframework\boot\spring-boot-starter-reactor-netty\2.6.7\spring-boot-starter-reactor-netty-2.6.7.jar;C:\Users\torry\.m2\repository\io\projectreactor\netty\reactor-netty-http\1.0.18\reactor-netty-http-1.0.18.jar;C:\Users\torry\.m2\repository\io\netty\netty-codec-http\4.1.76.Final\netty-codec-http-4.1.76.Final.jar;C:\Users\torry\.m2\repository\io\netty\netty-common\4.1.76.Final\netty-common-4.1.76.Final.jar;C:\Users\torry\.m2\repository\io\netty\netty-buffer\4.1.76.Final\netty-buffer-4.1.76.Final.jar;C:\Users\torry\.m2\repository\io\netty\netty-transport\4.1.76.Final\netty-transport-4.1.76.Final.jar;C:\Users\torry\.m2\repository\io\netty\netty-codec\4.1.76.Final\netty-codec-4.1.76.Final.jar;C:\Users\torry\.m2\repository\io\netty\netty-handler\4.1.76.Final\netty-handler-4.1.76.Final.jar;C:\Users\torry\.m2\repository\io\netty\netty-codec-http2\4.1.76.Final\netty-codec-http2-4.1.76.Final.jar;C:\Users\torry\.m2\repository\io\netty\netty-resolver-dns\4.1.76.Final\netty-resolver-dns-4.1.76.Final.jar;C:\Users\torry\.m2\repository\io\netty\netty-resolver\4.1.76.Final\netty-resolver-4.1.76.Final.jar;C:\Users\torry\.m2\repository\io\netty\netty-codec-dns\4.1.76.Final\netty-codec-dns-4.1.76.Final.jar;C:\Users\torry\.m2\repository\io\netty\netty-resolver-dns-native-macos\4.1.76.Final\netty-resolver-dns-native-macos-4.1.76.Final-osx-x86_64.jar;C:\Users\torry\.m2\repository\io\netty\netty-resolver-dns-classes-macos\4.1.76.Final\netty-resolver-dns-classes-macos-4.1.76.Final.jar;C:\Users\torry\.m2\repository\io\netty\netty-transport-native-epoll\4.1.76.Final\netty-transport-native-epoll-4.1.76.Final-linux-x86_64.jar;C:\Users\torry\.m2\repository\io\netty\netty-transport-native-unix-common\4.1.76.Final\netty-transport-native-unix-common-4.1.76.Final.jar;C:\Users\torry\.m2\repository\io\netty\netty-transport-classes-epoll\4.1.76.Final\netty-transport-classes-epoll-4.1.76.Final.jar;C:\Users\torry\.m2\repository\io\projectreactor\netty\reactor-netty-core\1.0.18\reactor-netty-core-1.0.18.jar;C:\Users\torry\.m2\repository\io\netty\netty-handler-proxy\4.1.76.Final\netty-handler-proxy-4.1.76.Final.jar;C:\Users\torry\.m2\repository\io\netty\netty-codec-socks\4.1.76.Final\netty-codec-socks-4.1.76.Final.jar;C:\Users\torry\.m2\repository\org\springframework\spring-web\5.3.19\spring-web-5.3.19.jar;C:\Users\torry\.m2\repository\org\springframework\spring-beans\5.3.19\spring-beans-5.3.19.jar;C:\Users\torry\.m2\repository\org\springframework\spring-webflux\5.3.19\spring-webflux-5.3.19.jar;C:\Users\torry\.m2\repository\org\springframework\cloud\spring-cloud-starter-gateway\3.1.2\spring-cloud-starter-gateway-3.1.2.jar;C:\Users\torry\.m2\repository\org\springframework\cloud\spring-cloud-starter\3.1.2\spring-cloud-starter-3.1.2.jar;C:\Users\torry\.m2\repository\org\springframework\cloud\spring-cloud-context\3.1.2\spring-cloud-context-3.1.2.jar;C:\Users\torry\.m2\repository\org\springframework\security\spring-security-rsa\1.0.10.RELEASE\spring-security-rsa-1.0.10.RELEASE.jar;C:\Users\torry\.m2\repository\org\bouncycastle\bcpkix-jdk15on\1.68\bcpkix-jdk15on-1.68.jar;C:\Users\torry\.m2\repository\org\bouncycastle\bcprov-jdk15on\1.68\bcprov-jdk15on-1.68.jar;C:\Users\torry\.m2\repository\org\springframework\cloud\spring-cloud-gateway-server\3.1.2\spring-cloud-gateway-server-3.1.2.jar;C:\Users\torry\.m2\repository\org\springframework\boot\spring-boot-starter-validation\2.6.7\spring-boot-starter-validation-2.6.7.jar;C:\Users\torry\.m2\repository\org\apache\tomcat\embed\tomcat-embed-el\9.0.62\tomcat-embed-el-9.0.62.jar;C:\Users\torry\.m2\repository\org\hibernate\validator\hibernate-validator\6.2.3.Final\hibernate-validator-6.2.3.Final.jar;C:\Users\torry\.m2\repository\jakarta\validation\jakarta.validation-api\2.0.2\jakarta.validation-api-2.0.2.jar;C:\Users\torry\.m2\repository\org\jboss\logging\jboss-logging\3.4.3.Final\jboss-logging-3.4.3.Final.jar;C:\Users\torry\.m2\repository\com\fasterxml\classmate\1.5.1\classmate-1.5.1.jar;C:\Users\torry\.m2\repository\io\projectreactor\addons\reactor-extra\3.4.8\reactor-extra-3.4.8.jar;C:\Users\torry\.m2\repository\org\springframework\cloud\spring-cloud-starter-netflix-eureka-client\3.1.2\spring-cloud-starter-netflix-eureka-client-3.1.2.jar;C:\Users\torry\.m2\repository\org\springframework\cloud\spring-cloud-netflix-eureka-client\3.1.2\spring-cloud-netflix-eureka-client-3.1.2.jar;C:\Users\torry\.m2\repository\com\netflix\eureka\eureka-client\1.10.17\eureka-client-1.10.17.jar;C:\Users\torry\.m2\repository\com\netflix\netflix-commons\netflix-eventbus\0.3.0\netflix-eventbus-0.3.0.jar;C:\Users\torry\.m2\repository\com\netflix\netflix-commons\netflix-infix\0.3.0\netflix-infix-0.3.0.jar;C:\Users\torry\.m2\repository\commons-jxpath\commons-jxpath\1.3\commons-jxpath-1.3.jar;C:\Users\torry\.m2\repository\joda-time\joda-time\2.3\joda-time-2.3.jar;C:\Users\torry\.m2\repository\org\antlr\antlr-runtime\3.4\antlr-runtime-3.4.jar;C:\Users\torry\.m2\repository\org\antlr\stringtemplate\3.2.1\stringtemplate-3.2.1.jar;C:\Users\torry\.m2\repository\antlr\antlr\2.7.7\antlr-2.7.7.jar;C:\Users\torry\.m2\repository\com\google\code\gson\gson\2.8.9\gson-2.8.9.jar;C:\Users\torry\.m2\repository\org\apache\commons\commons-math\2.2\commons-math-2.2.jar;C:\Users\torry\.m2\repository\com\thoughtworks\xstream\xstream\1.4.18\xstream-1.4.18.jar;C:\Users\torry\.m2\repository\io\github\x-stream\mxparser\1.2.2\mxparser-1.2.2.jar;C:\Users\torry\.m2\repository\xmlpull\xmlpull\1.1.3.1\xmlpull-1.1.3.1.jar;C:\Users\torry\.m2\repository\javax\ws\rs\jsr311-api\1.1.1\jsr311-api-1.1.1.jar;C:\Users\torry\.m2\repository\com\netflix\servo\servo-core\0.12.21\servo-core-0.12.21.jar;C:\Users\torry\.m2\repository\com\google\guava\guava\19.0\guava-19.0.jar;C:\Users\torry\.m2\repository\org\apache\httpcomponents\httpclient\4.5.13\httpclient-4.5.13.jar;C:\Users\torry\.m2\repository\org\apache\httpcomponents\httpcore\4.4.15\httpcore-4.4.15.jar;C:\Users\torry\.m2\repository\commons-codec\commons-codec\1.15\commons-codec-1.15.jar;C:\Users\torry\.m2\repository\commons-configuration\commons-configuration\1.10\commons-configuration-1.10.jar;C:\Users\torry\.m2\repository\commons-lang\commons-lang\2.6\commons-lang-2.6.jar;C:\Users\torry\.m2\repository\com\google\inject\guice\4.1.0\guice-4.1.0.jar;C:\Users\torry\.m2\repository\javax\inject\javax.inject\1\javax.inject-1.jar;C:\Users\torry\.m2\repository\com\fasterxml\jackson\core\jackson-annotations\2.13.2\jackson-annotations-2.13.2.jar;C:\Users\torry\.m2\repository\com\fasterxml\jackson\core\jackson-core\2.13.2\jackson-core-2.13.2.jar;C:\Users\torry\.m2\repository\org\codehaus\jettison\jettison\1.4.0\jettison-1.4.0.jar;C:\Users\torry\.m2\repository\com\netflix\eureka\eureka-core\1.10.17\eureka-core-1.10.17.jar;C:\Users\torry\.m2\repository\com\fasterxml\woodstox\woodstox-core\6.2.1\woodstox-core-6.2.1.jar;C:\Users\torry\.m2\repository\org\codehaus\woodstox\stax2-api\4.2.1\stax2-api-4.2.1.jar;C:\Users\torry\.m2\repository\org\springframework\cloud\spring-cloud-starter-loadbalancer\3.1.2\spring-cloud-starter-loadbalancer-3.1.2.jar;C:\Users\torry\.m2\repository\org\springframework\cloud\spring-cloud-loadbalancer\3.1.2\spring-cloud-loadbalancer-3.1.2.jar;C:\Users\torry\.m2\repository\org\springframework\boot\spring-boot-starter-cache\2.6.7\spring-boot-starter-cache-2.6.7.jar;C:\Users\torry\.m2\repository\org\springframework\spring-context-support\5.3.19\spring-context-support-5.3.19.jar;C:\Users\torry\.m2\repository\com\stoyanr\evictor\1.0.0\evictor-1.0.0.jar;C:\Users\torry\.m2\repository\org\springframework\boot\spring-boot-devtools\2.6.7\spring-boot-devtools-2.6.7.jar;C:\Users\torry\.m2\repository\org\springframework\boot\spring-boot\2.6.7\spring-boot-2.6.7.jar;C:\Users\torry\.m2\repository\org\springframework\boot\spring-boot-autoconfigure\2.6.7\spring-boot-autoconfigure-2.6.7.jar;C:\Users\torry\.m2\repository\org\projectlombok\lombok\1.18.24\lombok-1.18.24.jar;C:\Users\torry\.m2\repository\org\springframework\boot\spring-boot-starter-test\2.6.7\spring-boot-starter-test-2.6.7.jar;C:\Users\torry\.m2\repository\org\springframework\boot\spring-boot-test\2.6.7\spring-boot-test-2.6.7.jar;C:\Users\torry\.m2\repository\org\springframework\boot\spring-boot-test-autoconfigure\2.6.7\spring-boot-test-autoconfigure-2.6.7.jar;C:\Users\torry\.m2\repository\com\jayway\jsonpath\json-path\2.6.0\json-path-2.6.0.jar;C:\Users\torry\.m2\repository\net\minidev\json-smart\2.4.8\json-smart-2.4.8.jar;C:\Users\torry\.m2\repository\net\minidev\accessors-smart\2.4.8\accessors-smart-2.4.8.jar;C:\Users\torry\.m2\repository\org\ow2\asm\asm\9.1\asm-9.1.jar;C:\Users\torry\.m2\repository\jakarta\xml\bind\jakarta.xml.bind-api\2.3.3\jakarta.xml.bind-api-2.3.3.jar;C:\Users\torry\.m2\repository\jakarta\activation\jakarta.activation-api\1.2.2\jakarta.activation-api-1.2.2.jar;C:\Users\torry\.m2\repository\org\assertj\assertj-core\3.21.0\assertj-core-3.21.0.jar;C:\Users\torry\.m2\repository\org\hamcrest\hamcrest\2.2\hamcrest-2.2.jar;C:\Users\torry\.m2\repository\org\junit\jupiter\junit-jupiter\5.8.2\junit-jupiter-5.8.2.jar;C:\Users\torry\.m2\repository\org\junit\jupiter\junit-jupiter-api\5.8.2\junit-jupiter-api-5.8.2.jar;C:\Users\torry\.m2\repository\org\opentest4j\opentest4j\1.2.0\opentest4j-1.2.0.jar;C:\Users\torry\.m2\repository\org\junit\platform\junit-platform-commons\1.8.2\junit-platform-commons-1.8.2.jar;C:\Users\torry\.m2\repository\org\apiguardian\apiguardian-api\1.1.2\apiguardian-api-1.1.2.jar;C:\Users\torry\.m2\repository\org\junit\jupiter\junit-jupiter-params\5.8.2\junit-jupiter-params-5.8.2.jar;C:\Users\torry\.m2\repository\org\junit\jupiter\junit-jupiter-engine\5.8.2\junit-jupiter-engine-5.8.2.jar;C:\Users\torry\.m2\repository\org\junit\platform\junit-platform-engine\1.8.2\junit-platform-engine-1.8.2.jar;C:\Users\torry\.m2\repository\org\mockito\mockito-core\4.0.0\mockito-core-4.0.0.jar;C:\Users\torry\.m2\repository\net\bytebuddy\byte-buddy\1.11.22\byte-buddy-1.11.22.jar;C:\Users\torry\.m2\repository\net\bytebuddy\byte-buddy-agent\1.11.22\byte-buddy-agent-1.11.22.jar;C:\Users\torry\.m2\repository\org\objenesis\objenesis\3.2\objenesis-3.2.jar;C:\Users\torry\.m2\repository\org\mockito\mockito-junit-jupiter\4.0.0\mockito-junit-jupiter-4.0.0.jar;C:\Users\torry\.m2\repository\org\skyscreamer\jsonassert\1.5.0\jsonassert-1.5.0.jar;C:\Users\torry\.m2\repository\com\vaadin\external\google\android-json\0.0.20131108.vaadin1\android-json-0.0.20131108.vaadin1.jar;C:\Users\torry\.m2\repository\org\springframework\spring-core\5.3.19\spring-core-5.3.19.jar;C:\Users\torry\.m2\repository\org\springframework\spring-jcl\5.3.19\spring-jcl-5.3.19.jar;C:\Users\torry\.m2\repository\org\springframework\spring-test\5.3.19\spring-test-5.3.19.jar;C:\Users\torry\.m2\repository\org\xmlunit\xmlunit-core\2.8.4\xmlunit-core-2.8.4.jar;C:\Users\torry\.m2\repository\io\projectreactor\reactor-test\3.4.17\reactor-test-3.4.17.jar;C:\Users\torry\.m2\repository\io\projectreactor\reactor-core\3.4.17\reactor-core-3.4.17.jar;C:\Users\torry\.m2\repository\org\reactivestreams\reactive-streams\1.0.3\reactive-streams-1.0.3.jar;C:\Users\torry\.m2\repository\org\springdoc\springdoc-openapi-ui\1.6.8\springdoc-openapi-ui-1.6.8.jar;C:\Users\torry\.m2\repository\org\springdoc\springdoc-openapi-webmvc-core\1.6.8\springdoc-openapi-webmvc-core-1.6.8.jar;C:\Users\torry\.m2\repository\org\springdoc\springdoc-openapi-common\1.6.8\springdoc-openapi-common-1.6.8.jar;C:\Users\torry\.m2\repository\io\swagger\core\v3\swagger-core\2.2.0\swagger-core-2.2.0.jar;C:\Users\torry\.m2\repository\org\apache\commons\commons-lang3\3.12.0\commons-lang3-3.12.0.jar;C:\Users\torry\.m2\repository\com\fasterxml\jackson\dataformat\jackson-dataformat-yaml\2.13.2\jackson-dataformat-yaml-2.13.2.jar;C:\Users\torry\.m2\repository\io\swagger\core\v3\swagger-annotations\2.2.0\swagger-annotations-2.2.0.jar;C:\Users\torry\.m2\repository\io\swagger\core\v3\swagger-models\2.2.0\swagger-models-2.2.0.jar;C:\Users\torry\.m2\repository\org\springframework\spring-webmvc\5.3.19\spring-webmvc-5.3.19.jar;C:\Users\torry\.m2\repository\org\webjars\swagger-ui\4.10.3\swagger-ui-4.10.3.jar;C:\Users\torry\.m2\repository\org\webjars\webjars-locator-core\0.48\webjars-locator-core-0.48.jar;C:\Users\torry\.m2\repository\io\github\classgraph\classgraph\4.8.143\classgraph-4.8.143.jar;C:\Users\torry\.m2\repository\org\springframework\boot\spring-boot-starter-aop\2.6.7\spring-boot-starter-aop-2.6.7.jar;C:\Users\torry\.m2\repository\org\springframework\spring-aop\5.3.19\spring-aop-5.3.19.jar;C:\Users\torry\.m2\repository\org\aspectj\aspectjweaver\1.9.7\aspectjweaver-1.9.7.jar;C:\Users\torry\.m2\repository\io\github\resilience4j\resilience4j-spring-boot2\1.7.0\resilience4j-spring-boot2-1.7.0.jar;C:\Users\torry\.m2\repository\io\vavr\vavr\0.10.2\vavr-0.10.2.jar;C:\Users\torry\.m2\repository\io\vavr\vavr-match\0.10.2\vavr-match-0.10.2.jar;C:\Users\torry\.m2\repository\org\slf4j\slf4j-api\1.7.36\slf4j-api-1.7.36.jar;C:\Users\torry\.m2\repository\io\github\resilience4j\resilience4j-spring\1.7.0\resilience4j-spring-1.7.0.jar;C:\Users\torry\.m2\repository\io\github\resilience4j\resilience4j-annotations\1.7.0\resilience4j-annotations-1.7.0.jar;C:\Users\torry\.m2\repository\io\github\resilience4j\resilience4j-consumer\1.7.0\resilience4j-consumer-1.7.0.jar;C:\Users\torry\.m2\repository\io\github\resilience4j\resilience4j-core\1.7.0\resilience4j-core-1.7.0.jar;C:\Users\torry\.m2\repository\io\github\resilience4j\resilience4j-circularbuffer\1.7.0\resilience4j-circularbuffer-1.7.0.jar;C:\Users\torry\.m2\repository\io\github\resilience4j\resilience4j-framework-common\1.7.0\resilience4j-framework-common-1.7.0.jar;C:\Users\torry\.m2\repository\io\github\resilience4j\resilience4j-circuitbreaker\1.7.0\resilience4j-circuitbreaker-1.7.0.jar;C:\Users\torry\.m2\repository\io\github\resilience4j\resilience4j-ratelimiter\1.7.0\resilience4j-ratelimiter-1.7.0.jar;C:\Users\torry\.m2\repository\io\github\resilience4j\resilience4j-retry\1.7.0\resilience4j-retry-1.7.0.jar;C:\Users\torry\.m2\repository\io\github\resilience4j\resilience4j-bulkhead\1.7.0\resilience4j-bulkhead-1.7.0.jar;C:\Users\torry\.m2\repository\io\github\resilience4j\resilience4j-timelimiter\1.7.0\resilience4j-timelimiter-1.7.0.jar;C:\Users\torry\.m2\repository\io\github\resilience4j\resilience4j-micrometer\1.7.0\resilience4j-micrometer-1.7.0.jar;C:\Users\torry\.m2\repository\org\springframework\cloud\spring-cloud-starter-sleuth\3.1.2\spring-cloud-starter-sleuth-3.1.2.jar;C:\Users\torry\.m2\repository\org\springframework\cloud\spring-cloud-sleuth-autoconfigure\3.1.2\spring-cloud-sleuth-autoconfigure-3.1.2.jar;C:\Users\torry\.m2\repository\org\aspectj\aspectjrt\1.9.7\aspectjrt-1.9.7.jar;C:\Users\torry\.m2\repository\org\springframework\cloud\spring-cloud-sleuth-brave\3.1.2\spring-cloud-sleuth-brave-3.1.2.jar;C:\Users\torry\.m2\repository\io\zipkin\brave\brave\5.13.7\brave-5.13.7.jar;C:\Users\torry\.m2\repository\io\zipkin\brave\brave-context-slf4j\5.13.7\brave-context-slf4j-5.13.7.jar;C:\Users\torry\.m2\repository\io\zipkin\brave\brave-instrumentation-messaging\5.13.7\brave-instrumentation-messaging-5.13.7.jar;C:\Users\torry\.m2\repository\io\zipkin\brave\brave-instrumentation-rpc\5.13.7\brave-instrumentation-rpc-5.13.7.jar;C:\Users\torry\.m2\repository\io\zipkin\brave\brave-instrumentation-spring-rabbit\5.13.7\brave-instrumentation-spring-rabbit-5.13.7.jar;C:\Users\torry\.m2\repository\io\zipkin\brave\brave-instrumentation-kafka-clients\5.13.7\brave-instrumentation-kafka-clients-5.13.7.jar;C:\Users\torry\.m2\repository\io\zipkin\brave\brave-instrumentation-kafka-streams\5.13.7\brave-instrumentation-kafka-streams-5.13.7.jar;C:\Users\torry\.m2\repository\io\zipkin\brave\brave-instrumentation-httpclient\5.13.7\brave-instrumentation-httpclient-5.13.7.jar;C:\Users\torry\.m2\repository\io\zipkin\brave\brave-instrumentation-http\5.13.7\brave-instrumentation-http-5.13.7.jar;C:\Users\torry\.m2\repository\io\zipkin\brave\brave-instrumentation-httpasyncclient\5.13.7\brave-instrumentation-httpasyncclient-5.13.7.jar;C:\Users\torry\.m2\repository\io\zipkin\brave\brave-instrumentation-jms\5.13.7\brave-instrumentation-jms-5.13.7.jar;C:\Users\torry\.m2\repository\io\zipkin\brave\brave-instrumentation-mongodb\5.13.7\brave-instrumentation-mongodb-5.13.7.jar;C:\Users\torry\.m2\repository\io\zipkin\aws\brave-propagation-aws\0.21.3\brave-propagation-aws-0.21.3.jar;C:\Users\torry\.m2\repository\io\zipkin\reporter2\zipkin-reporter-metrics-micrometer\2.16.3\zipkin-reporter-metrics-micrometer-2.16.3.jar;C:\Users\torry\.m2\repository\org\springframework\cloud\spring-cloud-sleuth-zipkin\3.1.2\spring-cloud-sleuth-zipkin-3.1.2.jar;C:\Users\torry\.m2\repository\org\springframework\cloud\spring-cloud-sleuth-instrumentation\3.1.2\spring-cloud-sleuth-instrumentation-3.1.2.jar;C:\Users\torry\.m2\repository\org\springframework\cloud\spring-cloud-sleuth-api\3.1.2\spring-cloud-sleuth-api-3.1.2.jar;C:\Users\torry\.m2\repository\org\springframework\cloud\spring-cloud-commons\3.1.2\spring-cloud-commons-3.1.2.jar;C:\Users\torry\.m2\repository\org\springframework\security\spring-security-crypto\5.6.3\spring-security-crypto-5.6.3.jar;C:\Users\torry\.m2\repository\io\zipkin\zipkin2\zipkin\2.23.2\zipkin-2.23.2.jar;C:\Users\torry\.m2\repository\io\zipkin\reporter2\zipkin-reporter\2.16.3\zipkin-reporter-2.16.3.jar;C:\Users\torry\.m2\repository\io\zipkin\reporter2\zipkin-reporter-brave\2.16.3\zipkin-reporter-brave-2.16.3.jar;C:\Users\torry\.m2\repository\io\zipkin\reporter2\zipkin-sender-kafka\2.16.3\zipkin-sender-kafka-2.16.3.jar;C:\Users\torry\.m2\repository\io\zipkin\reporter2\zipkin-sender-activemq-client\2.16.3\zipkin-sender-activemq-client-2.16.3.jar;C:\Users\torry\.m2\repository\io\zipkin\reporter2\zipkin-sender-amqp-client\2.16.3\zipkin-sender-amqp-client-2.16.3.jar;C:\Users\torry\.m2\repository\org\springframework\amqp\spring-rabbit\2.4.4\spring-rabbit-2.4.4.jar;C:\Users\torry\.m2\repository\org\springframework\amqp\spring-amqp\2.4.4\spring-amqp-2.4.4.jar;C:\Users\torry\.m2\repository\org\springframework\retry\spring-retry\1.3.3\spring-retry-1.3.3.jar;C:\Users\torry\.m2\repository\com\rabbitmq\amqp-client\5.13.1\amqp-client-5.13.1.jar;C:\Users\torry\.m2\repository\org\springframework\spring-context\5.3.19\spring-context-5.3.19.jar;C:\Users\torry\.m2\repository\org\springframework\spring-expression\5.3.19\spring-expression-5.3.19.jar;C:\Users\torry\.m2\repository\org\springframework\spring-messaging\5.3.19\spring-messaging-5.3.19.jar;C:\Users\torry\.m2\repository\org\springframework\spring-tx\5.3.19\spring-tx-5.3.19.jar;"/>
    <property name="sun.cpu.endian" value="little"/>
    <property name="user.home" value="C:\Users\torry"/>
    <property name="user.language" value="en"/>
    <property name="java.specification.vendor" value="Oracle Corporation"/>
    <property name="java.version.date" value="2021-10-19"/>
    <property name="java.home" value="C:\Program Files\Java\jdk-11.0.13"/>
    <property name="file.separator" value="\"/>
    <property name="basedir" value="C:\Users\torry\Documents\Projects\JavaProjects\MicroServicesApiGateway\ReviewAppDemo\api-gateway"/>
    <property name="java.vm.compressedOopsMode" value="Zero based"/>
    <property name="line.separator" value="&#10;"/>
    <property name="java.specification.name" value="Java Platform API Specification"/>
    <property name="java.vm.specification.vendor" value="Oracle Corporation"/>
    <property name="java.awt.graphicsenv" value="sun.awt.Win32GraphicsEnvironment"/>
    <property name="surefire.real.class.path" value="C:\Users\torry\AppData\Local\Temp\surefire4360716391058629489\surefirebooter2390368707370804246.jar"/>
    <property name="user.script" value=""/>
    <property name="sun.management.compiler" value="HotSpot 64-Bit Tiered Compilers"/>
    <property name="java.runtime.version" value="11.0.13+10-LTS-370"/>
    <property name="user.name" value="torry"/>
    <property name="path.separator" value=";"/>
    <property name="os.version" value="10.0"/>
    <property name="java.runtime.name" value="Java(TM) SE Runtime Environment"/>
    <property name="file.encoding" value="Cp1252"/>
    <property name="java.vm.name" value="Java HotSpot(TM) 64-Bit Server VM"/>
    <property name="java.vendor.version" value="18.9"/>
    <property name="localRepository" value="C:\Users\torry\.m2\repository"/>
    <property name="java.vendor.url.bug" value="https://bugreport.java.com/bugreport/"/>
    <property name="java.io.tmpdir" value="C:\Users\torry\AppData\Local\Temp\"/>
    <property name="java.version" value="11.0.13"/>
    <property name="maven.test.skip" value="false"/>
    <property name="user.dir" value="C:\Users\torry\Documents\Projects\JavaProjects\MicroServicesApiGateway\ReviewAppDemo\api-gateway"/>
    <property name="os.arch" value="amd64"/>
    <property name="java.vm.specification.name" value="Java Virtual Machine Specification"/>
    <property name="java.awt.printerjob" value="sun.awt.windows.WPrinterJob"/>
    <property name="sun.os.patch.level" value=""/>
    <property name="java.library.path" value="C:\Program Files\Java\jdk-11.0.13\bin;C:\WINDOWS\Sun\Java\bin;C:\WINDOWS\system32;C:\WINDOWS;C:\Program Files\Java\jdk-11.0.13\bin;C:\Program Files\MySQL\MySQL Server 8.0\bin;C:\WINDOWS\system32;C:\WINDOWS;C:\WINDOWS\System32\Wbem;C:\WINDOWS\System32\WindowsPowerShell\v1.0\;C:\WINDOWS\System32\OpenSSH\;C:\Program Files\nodejs\;C:\Program Files\Git\cmd;C:\Program Files\ApacheAnt\apache-ant-1.10.12\bin;C:\ProgramData\chocolatey\bin;C:\Program Files\PuTTY\;C:\Program Files (x86)\Common Files\Oracle\Java\javapath;;C:\Program Files\Docker\Docker\resources\bin;C:\ProgramData\DockerDesktop\version-bin;C:\Program Files\PowerShell\7\;C:\Users\torry\AppData\Local\Programs\Python\Python310\Scripts\;C:\Users\torry\AppData\Local\Programs\Python\Python310\;C:\Program Files\MySQL\MySQL Shell 8.0\bin\;C:\Users\torry\AppData\Local\Microsoft\WindowsApps;C:\Program Files\JetBrains\IntelliJ IDEA Community Edition 2021.3.3\bin;;C:\Users\torry\AppData\Local\Programs\Microsoft VS Code\bin;C:\Users\torry\AppData\Roaming\npm;C:\Program Files\JetBrains\PyCharm Community Edition 2021.3.3\bin;;C:\Program Files\MySQL\MySQL Server 8.0\bin;C:\Program Files\Java\jdk-11.0.13\bin;C:\Program Files\ApacheAnt\apache-ant-1.10.12\bin;C:\Program Files\ApacheMaven\apache-maven-3.8.5\bin;C:\ProgramData\chocolatey\bin;C:\tools\dart-sdk\bin;C:\Users\torry\AppData\Roaming\Pub\Cache\bin;C:\Users\torry\AppData\Local\GitHubDesktop\bin;C:\Program Files (x86)\Brackets\;."/>
    <property name="java.vendor" value="Oracle Corporation"/>
    <property name="java.vm.info" value="mixed mode"/>
    <property name="java.vm.version" value="11.0.13+10-LTS-370"/>
    <property name="sun.io.unicode.encoding" value="UnicodeLittle"/>
    <property name="java.class.version" value="55.0"/>
  </properties>
  <testcase name="contextLoads" classname="net.torrydev.apigateway.ReviewApiGatewayApplicationTests" time="0.038"/>
</testsuite>